2024-09-10T06:57:22+00:00 CRITICAL Composer detected issues in your platform: Your Composer dependencies require a PHP version ">= 8.2.0". You are running 8.1.6. in /var/www/html/wp-content/plugins/twint-woocommerce-extension/vendor/composer/platform_check.php on line 24

2024-09-10T06:59:10+00:00 CRITICAL Uncaught Error: Failed opening required '/var/www/html/wp-content/plugins/twint-woocommerce-extension/vendor/autoload.php' (include_path='.:/usr/local/lib/php') in /var/www/html/wp-content/plugins/twint-woocommerce-extension/woocommerce-gateway-twint.php:28
Stack trace:
#0 /var/www/html/wp-admin/includes/plugin.php(2387): include_once()
#1 /var/www/html/wp-admin/includes/plugin.php(673): plugin_sandbox_scrape('twint-woocommer...')
#2 /var/www/html/wp-admin/plugins.php(60): activate_plugin('twint-woocommer...', 'http://oldest.w...', false)
#3 {main}
  thrown in /var/www/html/wp-content/plugins/twint-woocommerce-extension/woocommerce-gateway-twint.php on line 28

2024-09-10T06:59:15+00:00 CRITICAL Uncaught Error: Failed opening required '/var/www/html/wp-content/plugins/twint-woocommerce-extension/vendor/autoload.php' (include_path='.:/usr/local/lib/php') in /var/www/html/wp-content/plugins/twint-woocommerce-extension/woocommerce-gateway-twint.php:28
Stack trace:
#0 /var/www/html/wp-admin/includes/plugin.php(2387): include_once()
#1 /var/www/html/wp-admin/includes/plugin.php(673): plugin_sandbox_scrape('twint-woocommer...')
#2 /var/www/html/wp-admin/plugins.php(60): activate_plugin('twint-woocommer...', 'http://oldest.w...', false)
#3 {main}
  thrown in /var/www/html/wp-content/plugins/twint-woocommerce-extension/woocommerce-gateway-twint.php on line 28

2024-09-10T06:59:31+00:00 CRITICAL Uncaught Error: Failed opening required '/var/www/html/wp-content/plugins/twint-woocommerce-extension/vendor/autoload.php' (include_path='.:/usr/local/lib/php') in /var/www/html/wp-content/plugins/twint-woocommerce-extension/woocommerce-gateway-twint.php:28
Stack trace:
#0 /var/www/html/wp-admin/includes/plugin.php(2387): include_once()
#1 /var/www/html/wp-admin/includes/plugin.php(673): plugin_sandbox_scrape('twint-woocommer...')
#2 /var/www/html/wp-admin/plugins.php(60): activate_plugin('twint-woocommer...', 'http://oldest.w...', false)
#3 {main}
  thrown in /var/www/html/wp-content/plugins/twint-woocommerce-extension/woocommerce-gateway-twint.php on line 28

