2024-09-10T05:40:11+00:00 INFO twintCronJobRunning CONTEXT: ["Running twint cancel expired orders"]
2024-09-10T05:40:11+00:00 INFO twintCronJobDone CONTEXT: ["There are 0 pending orders has run."]
2024-09-10T05:41:39+00:00 INFO twintCronJobRunning CONTEXT: ["Running twint cancel expired orders"]
2024-09-10T05:41:39+00:00 INFO twintCronJobDone CONTEXT: ["There are 0 pending orders has run."]
2024-09-10T05:42:38+00:00 INFO twintCronJobRunning CONTEXT: ["Running twint cancel expired orders"]
2024-09-10T05:42:38+00:00 INFO twintCronJobDone CONTEXT: ["There are 0 pending orders has run."]
2024-09-10T05:43:39+00:00 INFO twintCronJobRunning CONTEXT: ["Running twint cancel expired orders"]
2024-09-10T05:43:39+00:00 INFO twintCronJobDone CONTEXT: ["There are 0 pending orders has run."]
2024-09-10T05:44:38+00:00 INFO twintCronJobRunning CONTEXT: ["Running twint cancel expired orders"]
2024-09-10T05:44:38+00:00 INFO twintCronJobDone CONTEXT: ["There are 0 pending orders has run."]
2024-09-10T05:45:38+00:00 INFO twintCronJobRunning CONTEXT: ["Running twint cancel expired orders"]
2024-09-10T05:45:38+00:00 INFO twintCronJobDone CONTEXT: ["There are 0 pending orders has run."]
2024-09-10T05:46:38+00:00 INFO twintCronJobRunning CONTEXT: ["Running twint cancel expired orders"]
2024-09-10T05:46:38+00:00 INFO twintCronJobDone CONTEXT: ["There are 0 pending orders has run."]
2024-09-10T05:47:22+00:00 INFO twintCronJobRunning CONTEXT: ["Running twint cancel expired orders"]
2024-09-10T05:47:22+00:00 INFO twintCronJobDone CONTEXT: ["There are 0 pending orders has run."]
2024-09-10T05:47:25+00:00 INFO [TWINT] - Checking pairing [efe806b4-13cb-4059-b3c7-a623878d06ec]...
2024-09-10T05:47:27+00:00 INFO [TWINT] - monitoring: efe806b4-13cb-4059-b3c7-a623878d06ec: 1
2024-09-10T05:47:31+00:00 INFO [TWINT] - monitoring: efe806b4-13cb-4059-b3c7-a623878d06ec: 1
2024-09-10T05:47:34+00:00 INFO [TWINT] - monitoring: efe806b4-13cb-4059-b3c7-a623878d06ec: 1
2024-09-10T05:47:36+00:00 INFO [TWINT] - monitoring: efe806b4-13cb-4059-b3c7-a623878d06ec: 1
2024-09-10T05:47:39+00:00 INFO [TWINT] - monitoring: efe806b4-13cb-4059-b3c7-a623878d06ec: 1
2024-09-10T05:47:41+00:00 INFO [TWINT] - monitoring: efe806b4-13cb-4059-b3c7-a623878d06ec: 1
2024-09-10T05:47:44+00:00 INFO [TWINT] - monitoring: efe806b4-13cb-4059-b3c7-a623878d06ec: 1
2024-09-10T05:47:46+00:00 INFO [TWINT] - monitoring: efe806b4-13cb-4059-b3c7-a623878d06ec: 1
2024-09-10T05:47:49+00:00 INFO [TWINT] - monitoring: efe806b4-13cb-4059-b3c7-a623878d06ec: 1
2024-09-10T05:47:49+00:00 INFO [TWINT] - Mark Order 107 and Pairing efe806b4-13cb-4059-b3c7-a623878d06ec as processing
2024-09-10T05:48:10+00:00 INFO twintCronJobRunning CONTEXT: ["Running twint cancel expired orders"]
2024-09-10T05:48:10+00:00 INFO twintCronJobDone CONTEXT: ["There are 0 pending orders has run."]
2024-09-10T05:49:21+00:00 INFO twintCronJobRunning CONTEXT: ["Running twint cancel expired orders"]
2024-09-10T05:49:21+00:00 INFO twintCronJobDone CONTEXT: ["There are 0 pending orders has run."]
2024-09-10T05:50:30+00:00 INFO twintCronJobRunning CONTEXT: ["Running twint cancel expired orders"]
2024-09-10T05:50:30+00:00 INFO twintCronJobDone CONTEXT: ["There are 0 pending orders has run."]
2024-09-10T05:51:16+00:00 INFO twintCronJobRunning CONTEXT: ["Running twint cancel expired orders"]
2024-09-10T05:51:16+00:00 INFO twintCronJobDone CONTEXT: ["There are 0 pending orders has run."]
2024-09-10T05:52:16+00:00 INFO twintCronJobRunning CONTEXT: ["Running twint cancel expired orders"]
2024-09-10T05:52:16+00:00 INFO twintCronJobDone CONTEXT: ["There are 0 pending orders has run."]
2024-09-10T05:53:17+00:00 INFO twintCronJobRunning CONTEXT: ["Running twint cancel expired orders"]
2024-09-10T05:53:17+00:00 INFO twintCronJobDone CONTEXT: ["There are 0 pending orders has run."]
2024-09-10T05:54:22+00:00 INFO twintCronJobRunning CONTEXT: ["Running twint cancel expired orders"]
2024-09-10T05:54:22+00:00 INFO twintCronJobDone CONTEXT: ["There are 0 pending orders has run."]
2024-09-10T05:55:27+00:00 INFO twintCronJobRunning CONTEXT: ["Running twint cancel expired orders"]
2024-09-10T05:55:27+00:00 INFO twintCronJobDone CONTEXT: ["There are 0 pending orders has run."]
2024-09-10T05:56:40+00:00 INFO twintCronJobRunning CONTEXT: ["Running twint cancel expired orders"]
2024-09-10T05:56:40+00:00 INFO twintCronJobDone CONTEXT: ["There are 0 pending orders has run."]
2024-09-10T05:57:28+00:00 INFO twintCronJobRunning CONTEXT: ["Running twint cancel expired orders"]
2024-09-10T05:57:28+00:00 INFO twintCronJobDone CONTEXT: ["There are 0 pending orders has run."]
2024-09-10T05:59:00+00:00 INFO twintCronJobRunning CONTEXT: ["Running twint cancel expired orders"]
2024-09-10T05:59:00+00:00 INFO twintCronJobDone CONTEXT: ["There are 0 pending orders has run."]
2024-09-10T05:59:24+00:00 INFO twintCronJobRunning CONTEXT: ["Running twint cancel expired orders"]
2024-09-10T05:59:24+00:00 INFO twintCronJobDone CONTEXT: ["There are 0 pending orders has run."]
2024-09-10T06:01:40+00:00 INFO twintCronJobRunning CONTEXT: ["Running twint cancel expired orders"]
2024-09-10T06:01:40+00:00 INFO twintCronJobDone CONTEXT: ["There are 0 pending orders has run."]
2024-09-10T06:03:40+00:00 INFO twintCronJobRunning CONTEXT: ["Running twint cancel expired orders"]
2024-09-10T06:03:40+00:00 INFO twintCronJobDone CONTEXT: ["There are 0 pending orders has run."]
2024-09-10T06:05:40+00:00 INFO twintCronJobRunning CONTEXT: ["Running twint cancel expired orders"]
2024-09-10T06:05:40+00:00 INFO twintCronJobDone CONTEXT: ["There are 0 pending orders has run."]
2024-09-10T06:06:24+00:00 INFO twintCronJobRunning CONTEXT: ["Running twint cancel expired orders"]
2024-09-10T06:06:24+00:00 INFO twintCronJobDone CONTEXT: ["There are 0 pending orders has run."]
2024-09-10T06:08:39+00:00 INFO twintCronJobRunning CONTEXT: ["Running twint cancel expired orders"]
2024-09-10T06:08:39+00:00 INFO twintCronJobDone CONTEXT: ["There are 0 pending orders has run."]
2024-09-10T06:10:33+00:00 INFO twintCronJobRunning CONTEXT: ["Running twint cancel expired orders"]
2024-09-10T06:10:33+00:00 INFO twintCronJobDone CONTEXT: ["There are 0 pending orders has run."]
2024-09-10T06:11:58+00:00 INFO twintCronJobRunning CONTEXT: ["Running twint cancel expired orders"]
2024-09-10T06:11:58+00:00 INFO twintCronJobDone CONTEXT: ["There are 0 pending orders has run."]
2024-09-10T06:12:13+00:00 INFO twintCronJobRunning CONTEXT: ["Running twint cancel expired orders"]
2024-09-10T06:12:13+00:00 INFO twintCronJobDone CONTEXT: ["There are 0 pending orders has run."]
2024-09-10T06:13:13+00:00 INFO twintCronJobRunning CONTEXT: ["Running twint cancel expired orders"]
2024-09-10T06:13:13+00:00 INFO twintCronJobDone CONTEXT: ["There are 0 pending orders has run."]
2024-09-10T06:15:13+00:00 INFO twintCronJobRunning CONTEXT: ["Running twint cancel expired orders"]
2024-09-10T06:15:13+00:00 INFO twintCronJobDone CONTEXT: ["There are 0 pending orders has run."]
2024-09-10T06:17:13+00:00 INFO twintCronJobRunning CONTEXT: ["Running twint cancel expired orders"]
2024-09-10T06:17:13+00:00 INFO twintCronJobDone CONTEXT: ["There are 0 pending orders has run."]
2024-09-10T06:18:33+00:00 INFO twintCronJobRunning CONTEXT: ["Running twint cancel expired orders"]
2024-09-10T06:18:33+00:00 INFO twintCronJobDone CONTEXT: ["There are 0 pending orders has run."]
2024-09-10T06:19:18+00:00 INFO twintCronJobRunning CONTEXT: ["Running twint cancel expired orders"]
2024-09-10T06:19:18+00:00 INFO twintCronJobDone CONTEXT: ["There are 0 pending orders has run."]
2024-09-10T06:21:04+00:00 INFO twintCronJobRunning CONTEXT: ["Running twint cancel expired orders"]
2024-09-10T06:21:04+00:00 INFO twintCronJobDone CONTEXT: ["There are 0 pending orders has run."]
2024-09-10T06:21:17+00:00 INFO twintCronJobRunning CONTEXT: ["Running twint cancel expired orders"]
2024-09-10T06:21:17+00:00 INFO twintCronJobDone CONTEXT: ["There are 0 pending orders has run."]
2024-09-10T06:23:07+00:00 INFO twintCronJobRunning CONTEXT: ["Running twint cancel expired orders"]
2024-09-10T06:23:07+00:00 INFO twintCronJobDone CONTEXT: ["There are 0 pending orders has run."]
2024-09-10T06:23:21+00:00 INFO twintCronJobRunning CONTEXT: ["Running twint cancel expired orders"]
2024-09-10T06:23:21+00:00 INFO twintCronJobDone CONTEXT: ["There are 0 pending orders has run."]
2024-09-10T06:24:18+00:00 INFO twintCronJobRunning CONTEXT: ["Running twint cancel expired orders"]
2024-09-10T06:24:18+00:00 INFO twintCronJobDone CONTEXT: ["There are 0 pending orders has run."]
2024-09-10T06:25:16+00:00 INFO twintCronJobRunning CONTEXT: ["Running twint cancel expired orders"]
2024-09-10T06:25:16+00:00 INFO twintCronJobDone CONTEXT: ["There are 0 pending orders has run."]
2024-09-10T06:27:46+00:00 INFO twintCronJobRunning CONTEXT: ["Running twint cancel expired orders"]
2024-09-10T06:27:46+00:00 INFO twintCronJobDone CONTEXT: ["There are 0 pending orders has run."]
2024-09-10T06:29:46+00:00 INFO twintCronJobRunning CONTEXT: ["Running twint cancel expired orders"]
2024-09-10T06:29:46+00:00 INFO twintCronJobDone CONTEXT: ["There are 0 pending orders has run."]
2024-09-10T06:31:46+00:00 INFO twintCronJobRunning CONTEXT: ["Running twint cancel expired orders"]
2024-09-10T06:31:46+00:00 INFO twintCronJobDone CONTEXT: ["There are 0 pending orders has run."]
2024-09-10T06:33:46+00:00 INFO twintCronJobRunning CONTEXT: ["Running twint cancel expired orders"]
2024-09-10T06:33:46+00:00 INFO twintCronJobDone CONTEXT: ["There are 0 pending orders has run."]
2024-09-10T06:35:46+00:00 INFO twintCronJobRunning CONTEXT: ["Running twint cancel expired orders"]
2024-09-10T06:35:46+00:00 INFO twintCronJobDone CONTEXT: ["There are 0 pending orders has run."]
2024-09-10T06:38:07+00:00 INFO twintCronJobRunning CONTEXT: ["Running twint cancel expired orders"]
2024-09-10T06:38:07+00:00 INFO twintCronJobDone CONTEXT: ["There are 0 pending orders has run."]
2024-09-10T06:39:10+00:00 INFO twintCronJobRunning CONTEXT: ["Running twint cancel expired orders"]
2024-09-10T06:39:10+00:00 INFO twintCronJobDone CONTEXT: ["There are 0 pending orders has run."]
2024-09-10T06:41:25+00:00 INFO twintCronJobRunning CONTEXT: ["Running twint cancel expired orders"]
2024-09-10T06:41:25+00:00 INFO twintCronJobDone CONTEXT: ["There are 0 pending orders has run."]
2024-09-10T06:43:24+00:00 INFO twintCronJobRunning CONTEXT: ["Running twint cancel expired orders"]
2024-09-10T06:43:24+00:00 INFO twintCronJobDone CONTEXT: ["There are 0 pending orders has run."]
2024-09-10T06:45:24+00:00 INFO twintCronJobRunning CONTEXT: ["Running twint cancel expired orders"]
2024-09-10T06:45:24+00:00 INFO twintCronJobDone CONTEXT: ["There are 0 pending orders has run."]
2024-09-10T06:47:24+00:00 INFO twintCronJobRunning CONTEXT: ["Running twint cancel expired orders"]
2024-09-10T06:47:24+00:00 INFO twintCronJobDone CONTEXT: ["There are 0 pending orders has run."]
2024-09-10T06:49:24+00:00 INFO twintCronJobRunning CONTEXT: ["Running twint cancel expired orders"]
2024-09-10T06:49:24+00:00 INFO twintCronJobDone CONTEXT: ["There are 0 pending orders has run."]
2024-09-10T06:51:13+00:00 INFO twintCronJobRunning CONTEXT: ["Running twint cancel expired orders"]
2024-09-10T06:51:13+00:00 INFO twintCronJobDone CONTEXT: ["There are 0 pending orders has run."]
2024-09-10T06:52:19+00:00 INFO twintCronJobRunning CONTEXT: ["Running twint cancel expired orders"]
2024-09-10T06:52:19+00:00 INFO twintCronJobDone CONTEXT: ["There are 0 pending orders has run."]
2024-09-10T06:55:04+00:00 INFO twintCronJobRunning CONTEXT: ["Running twint cancel expired orders"]
2024-09-10T06:55:04+00:00 INFO twintCronJobDone CONTEXT: ["There are 0 pending orders has run."]
2024-09-10T06:55:53+00:00 INFO twintCronJobRunning CONTEXT: ["Running twint cancel expired orders"]
2024-09-10T06:55:53+00:00 INFO twintCronJobDone CONTEXT: ["There are 0 pending orders has run."]
2024-09-10T06:56:09+00:00 INFO twintCronJobRunning CONTEXT: ["Running twint cancel expired orders"]
2024-09-10T06:56:09+00:00 INFO twintCronJobDone CONTEXT: ["There are 0 pending orders has run."]
2024-09-10T06:57:56+00:00 INFO twintCronJobRunning CONTEXT: ["Running twint cancel expired orders"]
2024-09-10T06:57:56+00:00 INFO twintCronJobDone CONTEXT: ["There are 0 pending orders has run."]
2024-09-10T06:58:23+00:00 INFO twintCronJobRunning CONTEXT: ["Running twint cancel expired orders"]
2024-09-10T06:58:23+00:00 INFO twintCronJobDone CONTEXT: ["There are 0 pending orders has run."]
2024-09-10T06:59:56+00:00 INFO twintCronJobRunning CONTEXT: ["Running twint cancel expired orders"]
2024-09-10T06:59:56+00:00 INFO twintCronJobDone CONTEXT: ["There are 0 pending orders has run."]
2024-09-10T07:00:24+00:00 INFO twintCronJobRunning CONTEXT: ["Running twint cancel expired orders"]
2024-09-10T07:00:24+00:00 INFO twintCronJobDone CONTEXT: ["There are 0 pending orders has run."]
2024-09-10T07:01:56+00:00 INFO twintCronJobRunning CONTEXT: ["Running twint cancel expired orders"]
2024-09-10T07:01:56+00:00 INFO twintCronJobDone CONTEXT: ["There are 0 pending orders has run."]
2024-09-10T07:02:25+00:00 INFO twintCronJobRunning CONTEXT: ["Running twint cancel expired orders"]
2024-09-10T07:02:25+00:00 INFO twintCronJobDone CONTEXT: ["There are 0 pending orders has run."]
2024-09-10T07:03:56+00:00 INFO twintCronJobRunning CONTEXT: ["Running twint cancel expired orders"]
2024-09-10T07:03:56+00:00 INFO twintCronJobDone CONTEXT: ["There are 0 pending orders has run."]
2024-09-10T07:04:25+00:00 INFO twintCronJobRunning CONTEXT: ["Running twint cancel expired orders"]
2024-09-10T07:04:25+00:00 INFO twintCronJobDone CONTEXT: ["There are 0 pending orders has run."]
2024-09-10T07:05:56+00:00 INFO twintCronJobRunning CONTEXT: ["Running twint cancel expired orders"]
2024-09-10T07:05:56+00:00 INFO twintCronJobDone CONTEXT: ["There are 0 pending orders has run."]
2024-09-10T07:06:26+00:00 INFO twintCronJobRunning CONTEXT: ["Running twint cancel expired orders"]
2024-09-10T07:06:26+00:00 INFO twintCronJobDone CONTEXT: ["There are 0 pending orders has run."]
2024-09-10T07:07:56+00:00 INFO twintCronJobRunning CONTEXT: ["Running twint cancel expired orders"]
2024-09-10T07:07:56+00:00 INFO twintCronJobDone CONTEXT: ["There are 0 pending orders has run."]
2024-09-10T07:13:40+00:00 INFO twintCronJobRunning CONTEXT: ["Running twint cancel expired orders"]
2024-09-10T07:13:40+00:00 INFO twintCronJobDone CONTEXT: ["There are 0 pending orders has run."]
2024-09-10T07:14:40+00:00 INFO twintCronJobRunning CONTEXT: ["Running twint cancel expired orders"]
2024-09-10T07:14:40+00:00 INFO twintCronJobDone CONTEXT: ["There are 0 pending orders has run."]
2024-09-10T07:16:40+00:00 INFO twintCronJobRunning CONTEXT: ["Running twint cancel expired orders"]
2024-09-10T07:16:40+00:00 INFO twintCronJobDone CONTEXT: ["There are 0 pending orders has run."]
2024-09-10T07:18:40+00:00 INFO twintCronJobRunning CONTEXT: ["Running twint cancel expired orders"]
2024-09-10T07:18:40+00:00 INFO twintCronJobDone CONTEXT: ["There are 0 pending orders has run."]
2024-09-10T07:20:40+00:00 INFO twintCronJobRunning CONTEXT: ["Running twint cancel expired orders"]
2024-09-10T07:20:40+00:00 INFO twintCronJobDone CONTEXT: ["There are 0 pending orders has run."]
2024-09-10T07:22:40+00:00 INFO twintCronJobRunning CONTEXT: ["Running twint cancel expired orders"]
2024-09-10T07:22:40+00:00 INFO twintCronJobDone CONTEXT: ["There are 0 pending orders has run."]
2024-09-10T08:14:01+00:00 INFO twintCronJobRunning CONTEXT: ["Running twint cancel expired orders"]
2024-09-10T08:14:01+00:00 INFO twintCronJobDone CONTEXT: ["There are 0 pending orders has run."]
2024-09-10T08:15:00+00:00 INFO twintCronJobRunning CONTEXT: ["Running twint cancel expired orders"]
2024-09-10T08:15:00+00:00 INFO twintCronJobDone CONTEXT: ["There are 0 pending orders has run."]
2024-09-10T08:17:00+00:00 INFO twintCronJobRunning CONTEXT: ["Running twint cancel expired orders"]
2024-09-10T08:17:00+00:00 INFO twintCronJobDone CONTEXT: ["There are 0 pending orders has run."]
2024-09-10T08:19:00+00:00 INFO twintCronJobRunning CONTEXT: ["Running twint cancel expired orders"]
2024-09-10T08:19:00+00:00 INFO twintCronJobDone CONTEXT: ["There are 0 pending orders has run."]
2024-09-10T08:21:00+00:00 INFO twintCronJobRunning CONTEXT: ["Running twint cancel expired orders"]
2024-09-10T08:21:00+00:00 INFO twintCronJobDone CONTEXT: ["There are 0 pending orders has run."]
2024-09-10T08:23:00+00:00 INFO twintCronJobRunning CONTEXT: ["Running twint cancel expired orders"]
2024-09-10T08:23:00+00:00 INFO twintCronJobDone CONTEXT: ["There are 0 pending orders has run."]
2024-09-10T08:43:47+00:00 INFO twintCronJobRunning CONTEXT: ["Running twint cancel expired orders"]
2024-09-10T08:43:47+00:00 INFO twintCronJobDone CONTEXT: ["There are 0 pending orders has run."]
2024-09-10T08:44:45+00:00 INFO twintCronJobRunning CONTEXT: ["Running twint cancel expired orders"]
2024-09-10T08:44:45+00:00 INFO twintCronJobDone CONTEXT: ["There are 0 pending orders has run."]
2024-09-10T08:46:45+00:00 INFO twintCronJobRunning CONTEXT: ["Running twint cancel expired orders"]
2024-09-10T08:46:45+00:00 INFO twintCronJobDone CONTEXT: ["There are 0 pending orders has run."]
2024-09-10T08:48:45+00:00 INFO twintCronJobRunning CONTEXT: ["Running twint cancel expired orders"]
2024-09-10T08:48:45+00:00 INFO twintCronJobDone CONTEXT: ["There are 0 pending orders has run."]
2024-09-10T08:50:46+00:00 INFO twintCronJobRunning CONTEXT: ["Running twint cancel expired orders"]
2024-09-10T08:50:46+00:00 INFO twintCronJobDone CONTEXT: ["There are 0 pending orders has run."]
2024-09-10T08:52:44+00:00 INFO twintCronJobRunning CONTEXT: ["Running twint cancel expired orders"]
2024-09-10T08:52:44+00:00 INFO twintCronJobDone CONTEXT: ["There are 0 pending orders has run."]
2024-09-10T08:53:44+00:00 INFO twintCronJobRunning CONTEXT: ["Running twint cancel expired orders"]
2024-09-10T08:53:44+00:00 INFO twintCronJobDone CONTEXT: ["There are 0 pending orders has run."]
2024-09-10T08:55:43+00:00 INFO twintCronJobRunning CONTEXT: ["Running twint cancel expired orders"]
2024-09-10T08:55:43+00:00 INFO twintCronJobDone CONTEXT: ["There are 0 pending orders has run."]
2024-09-10T08:57:44+00:00 INFO twintCronJobRunning CONTEXT: ["Running twint cancel expired orders"]
2024-09-10T08:57:44+00:00 INFO twintCronJobDone CONTEXT: ["There are 0 pending orders has run."]
2024-09-10T08:59:43+00:00 INFO twintCronJobRunning CONTEXT: ["Running twint cancel expired orders"]
2024-09-10T08:59:43+00:00 INFO twintCronJobDone CONTEXT: ["There are 0 pending orders has run."]
2024-09-10T09:01:44+00:00 INFO twintCronJobRunning CONTEXT: ["Running twint cancel expired orders"]
2024-09-10T09:01:44+00:00 INFO twintCronJobDone CONTEXT: ["There are 0 pending orders has run."]
2024-09-10T10:15:13+00:00 INFO twintCronJobRunning CONTEXT: ["Running twint cancel expired orders"]
2024-09-10T10:15:13+00:00 INFO twintCronJobDone CONTEXT: ["There are 0 pending orders has run."]
2024-09-10T10:16:12+00:00 INFO twintCronJobRunning CONTEXT: ["Running twint cancel expired orders"]
2024-09-10T10:16:12+00:00 INFO twintCronJobDone CONTEXT: ["There are 0 pending orders has run."]
2024-09-10T10:17:59+00:00 INFO twintCronJobRunning CONTEXT: ["Running twint cancel expired orders"]
2024-09-10T10:17:59+00:00 INFO twintCronJobDone CONTEXT: ["There are 0 pending orders has run."]
2024-09-10T10:18:59+00:00 INFO twintCronJobRunning CONTEXT: ["Running twint cancel expired orders"]
2024-09-10T10:18:59+00:00 INFO twintCronJobDone CONTEXT: ["There are 0 pending orders has run."]
2024-09-10T10:20:59+00:00 INFO twintCronJobRunning CONTEXT: ["Running twint cancel expired orders"]
2024-09-10T10:20:59+00:00 INFO twintCronJobDone CONTEXT: ["There are 0 pending orders has run."]
2024-09-10T10:22:59+00:00 INFO twintCronJobRunning CONTEXT: ["Running twint cancel expired orders"]
2024-09-10T10:22:59+00:00 INFO twintCronJobDone CONTEXT: ["There are 0 pending orders has run."]
2024-09-10T10:24:59+00:00 INFO twintCronJobRunning CONTEXT: ["Running twint cancel expired orders"]
2024-09-10T10:24:59+00:00 INFO twintCronJobDone CONTEXT: ["There are 0 pending orders has run."]
2024-09-10T10:26:59+00:00 INFO twintCronJobRunning CONTEXT: ["Running twint cancel expired orders"]
2024-09-10T10:26:59+00:00 INFO twintCronJobDone CONTEXT: ["There are 0 pending orders has run."]
2024-09-10T10:46:39+00:00 INFO twintCronJobRunning CONTEXT: ["Running twint cancel expired orders"]
2024-09-10T10:46:39+00:00 INFO twintCronJobDone CONTEXT: ["There are 0 pending orders has run."]
2024-09-10T10:47:38+00:00 INFO twintCronJobRunning CONTEXT: ["Running twint cancel expired orders"]
2024-09-10T10:47:38+00:00 INFO twintCronJobDone CONTEXT: ["There are 0 pending orders has run."]
2024-09-10T10:48:37+00:00 INFO twintCronJobRunning CONTEXT: ["Running twint cancel expired orders"]
2024-09-10T10:48:37+00:00 INFO twintCronJobDone CONTEXT: ["There are 0 pending orders has run."]
2024-09-10T10:49:16+00:00 INFO twintCronJobRunning CONTEXT: ["Running twint cancel expired orders"]
2024-09-10T10:49:16+00:00 INFO twintCronJobDone CONTEXT: ["There are 0 pending orders has run."]
2024-09-10T10:50:09+00:00 INFO twintCronJobRunning CONTEXT: ["Running twint cancel expired orders"]
2024-09-10T10:50:09+00:00 INFO twintCronJobDone CONTEXT: ["There are 0 pending orders has run."]
2024-09-10T10:50:12+00:00 INFO [TWINT] - Checking pairing [75c91099-9884-4358-9c9a-f5c4ba5b14ea]...
2024-09-10T10:50:21+00:00 INFO [TWINT] - Checking pairing [75c91099-9884-4358-9c9a-f5c4ba5b14ea]...
2024-09-10T10:50:30+00:00 INFO [TWINT] - monitoring: 75c91099-9884-4358-9c9a-f5c4ba5b14ea: 1
2024-09-10T10:50:31+00:00 INFO [TWINT] - monitoring: 75c91099-9884-4358-9c9a-f5c4ba5b14ea: 1
2024-09-10T10:50:32+00:00 INFO [TWINT] - Mark Order 108 and Pairing 75c91099-9884-4358-9c9a-f5c4ba5b14ea as processing
2024-09-10T10:50:34+00:00 INFO [TWINT] - Mark Order 108 and Pairing 75c91099-9884-4358-9c9a-f5c4ba5b14ea as processing
2024-09-10T10:52:53+00:00 INFO twintCronJobRunning CONTEXT: ["Running twint cancel expired orders"]
2024-09-10T10:52:53+00:00 INFO twintCronJobDone CONTEXT: ["There are 0 pending orders has run."]
2024-09-10T10:53:11+00:00 INFO twintCronJobRunning CONTEXT: ["Running twint cancel expired orders"]
2024-09-10T10:53:11+00:00 INFO twintCronJobDone CONTEXT: ["There are 0 pending orders has run."]
2024-09-10T10:54:18+00:00 INFO twintCronJobRunning CONTEXT: ["Running twint cancel expired orders"]
2024-09-10T10:54:18+00:00 INFO twintCronJobDone CONTEXT: ["There are 0 pending orders has run."]
2024-09-10T10:55:13+00:00 INFO twintCronJobRunning CONTEXT: ["Running twint cancel expired orders"]
2024-09-10T10:55:13+00:00 INFO twintCronJobDone CONTEXT: ["There are 0 pending orders has run."]
2024-09-10T10:57:17+00:00 INFO twintCronJobRunning CONTEXT: ["Running twint cancel expired orders"]
2024-09-10T10:57:18+00:00 INFO twintCronJobDone CONTEXT: ["There are 0 pending orders has run."]
2024-09-10T10:58:19+00:00 INFO twintCronJobRunning CONTEXT: ["Running twint cancel expired orders"]
2024-09-10T10:58:19+00:00 INFO twintCronJobDone CONTEXT: ["There are 0 pending orders has run."]
2024-09-10T10:59:19+00:00 INFO twintCronJobRunning CONTEXT: ["Running twint cancel expired orders"]
2024-09-10T10:59:19+00:00 INFO twintCronJobDone CONTEXT: ["There are 0 pending orders has run."]
2024-09-10T11:00:19+00:00 INFO twintCronJobRunning CONTEXT: ["Running twint cancel expired orders"]
2024-09-10T11:00:19+00:00 INFO twintCronJobDone CONTEXT: ["There are 0 pending orders has run."]
2024-09-10T11:01:19+00:00 INFO twintCronJobRunning CONTEXT: ["Running twint cancel expired orders"]
2024-09-10T11:01:19+00:00 INFO twintCronJobDone CONTEXT: ["There are 0 pending orders has run."]
2024-09-10T11:03:18+00:00 INFO twintCronJobRunning CONTEXT: ["Running twint cancel expired orders"]
2024-09-10T11:03:18+00:00 INFO twintCronJobDone CONTEXT: ["There are 0 pending orders has run."]
2024-09-10T11:05:17+00:00 INFO twintCronJobRunning CONTEXT: ["Running twint cancel expired orders"]
2024-09-10T11:05:17+00:00 INFO twintCronJobDone CONTEXT: ["There are 0 pending orders has run."]
2024-09-10T11:07:17+00:00 INFO twintCronJobRunning CONTEXT: ["Running twint cancel expired orders"]
2024-09-10T11:07:18+00:00 INFO twintCronJobDone CONTEXT: ["There are 0 pending orders has run."]
2024-09-10T11:09:18+00:00 INFO twintCronJobRunning CONTEXT: ["Running twint cancel expired orders"]
2024-09-10T11:09:18+00:00 INFO twintCronJobDone CONTEXT: ["There are 0 pending orders has run."]
2024-09-10T11:10:18+00:00 INFO twintCronJobRunning CONTEXT: ["Running twint cancel expired orders"]
2024-09-10T11:10:18+00:00 INFO twintCronJobDone CONTEXT: ["There are 0 pending orders has run."]
2024-09-10T11:11:17+00:00 INFO twintCronJobRunning CONTEXT: ["Running twint cancel expired orders"]
2024-09-10T11:11:17+00:00 INFO twintCronJobDone CONTEXT: ["There are 0 pending orders has run."]
2024-09-10T11:12:17+00:00 INFO twintCronJobRunning CONTEXT: ["Running twint cancel expired orders"]
2024-09-10T11:12:17+00:00 INFO twintCronJobDone CONTEXT: ["There are 0 pending orders has run."]
2024-09-10T11:13:18+00:00 INFO twintCronJobRunning CONTEXT: ["Running twint cancel expired orders"]
2024-09-10T11:13:18+00:00 INFO twintCronJobDone CONTEXT: ["There are 0 pending orders has run."]
2024-09-10T11:15:48+00:00 INFO twintCronJobRunning CONTEXT: ["Running twint cancel expired orders"]
2024-09-10T11:15:48+00:00 INFO twintCronJobDone CONTEXT: ["There are 0 pending orders has run."]
2024-09-10T11:17:48+00:00 INFO twintCronJobRunning CONTEXT: ["Running twint cancel expired orders"]
2024-09-10T11:17:48+00:00 INFO twintCronJobDone CONTEXT: ["There are 0 pending orders has run."]
2024-09-10T11:19:48+00:00 INFO twintCronJobRunning CONTEXT: ["Running twint cancel expired orders"]
2024-09-10T11:19:48+00:00 INFO twintCronJobDone CONTEXT: ["There are 0 pending orders has run."]
2024-09-10T11:21:05+00:00 INFO twintCronJobRunning CONTEXT: ["Running twint cancel expired orders"]
2024-09-10T11:21:05+00:00 INFO twintCronJobDone CONTEXT: ["There are 0 pending orders has run."]
2024-09-10T11:21:22+00:00 INFO twintCronJobRunning CONTEXT: ["Running twint cancel expired orders"]
2024-09-10T11:21:22+00:00 INFO twintCronJobDone CONTEXT: ["There are 0 pending orders has run."]
2024-09-10T11:22:22+00:00 INFO twintCronJobRunning CONTEXT: ["Running twint cancel expired orders"]
2024-09-10T11:22:22+00:00 INFO twintCronJobDone CONTEXT: ["There are 0 pending orders has run."]
2024-09-10T11:23:22+00:00 INFO twintCronJobRunning CONTEXT: ["Running twint cancel expired orders"]
2024-09-10T11:23:22+00:00 INFO twintCronJobDone CONTEXT: ["There are 0 pending orders has run."]
2024-09-10T11:24:23+00:00 INFO twintCronJobRunning CONTEXT: ["Running twint cancel expired orders"]
2024-09-10T11:24:23+00:00 INFO twintCronJobDone CONTEXT: ["There are 0 pending orders has run."]
2024-09-10T11:26:24+00:00 INFO twintCronJobRunning CONTEXT: ["Running twint cancel expired orders"]
2024-09-10T11:26:24+00:00 INFO twintCronJobDone CONTEXT: ["There are 0 pending orders has run."]
2024-09-10T11:28:25+00:00 INFO twintCronJobRunning CONTEXT: ["Running twint cancel expired orders"]
2024-09-10T11:28:25+00:00 INFO twintCronJobDone CONTEXT: ["There are 0 pending orders has run."]
2024-09-10T11:30:26+00:00 INFO twintCronJobRunning CONTEXT: ["Running twint cancel expired orders"]
2024-09-10T11:30:26+00:00 INFO twintCronJobDone CONTEXT: ["There are 0 pending orders has run."]
2024-09-10T11:32:27+00:00 INFO twintCronJobRunning CONTEXT: ["Running twint cancel expired orders"]
2024-09-10T11:32:27+00:00 INFO twintCronJobDone CONTEXT: ["There are 0 pending orders has run."]
2024-09-10T11:34:28+00:00 INFO twintCronJobRunning CONTEXT: ["Running twint cancel expired orders"]
2024-09-10T11:34:28+00:00 INFO twintCronJobDone CONTEXT: ["There are 0 pending orders has run."]
